Finished parsing
Variable VOID x
Variable VOID y
Variable VOID z[100]
Variable INT x[100]
Function INT main 
   Compound Statement 
      Variable INT x
      Compound Statement 
         Variable INT y
         WHILE expression
            EXPRESSION Operator <=
               EXPRESSION Operator PLUS
                  VARIABLE x
                  EXPRESSION Operator /
                     NUMBER value 5
                     NUMBER value 2
               EXPRESSION Operator PLUS
                  NUMBER value 2
                  EXPRESSION Operator MINUS
                     VARIABLE z
                     NUMBER value 5
         WHILE body
            Compound Statement 
               IF STATEMENT
                  IF expression
                     EXPRESSION Operator >=
                        EXPRESSION Operator MINUS
                           VARIABLE h
                           NUMBER value 2
                        EXPRESSION Operator MINUS
                           NUMBER value 3
                           NUMBER value 2
                  IF body
                     READ Expression
                        VARIABLE x
                        [
                           NUMBER value 100
                        ]
                  ELSE body
                     Write Expression
                        EXPRESSION Operator PLUS
                           VARIABLE x
                           [
                              NUMBER value 100
                           ]
                           NUMBER value 200

               CALL STATEMENT function f
                  CALL argument
                     EXPRESSION Operator PLUS
                        NUMBER value 3
                        VARIABLE x
                        [
                           VARIABLE x
                           [
                              NUMBER value 100
                           ]
                        ]
                  CALL argument
                     EXPRESSION Operator PLUS
                        VARIABLE bar
                        NUMBER value 200
                  CALL argument
                     NUMBER value 20
               RETURN STATEMENT
               RETURN STATEMENT
                  EXPRESSION Operator PLUS
                     VARIABLE x
                     EXPRESSION Operator PLUS
                        NUMBER value 5
                        NUMBER value 7
               IF STATEMENT
                  IF expression
                     EXPRESSION Operator >
                        EXPRESSION Operator PLUS
                           VARIABLE x
                           NUMBER value 10
                        EXPRESSION Operator TIMES
                           NUMBER value 10
                           NUMBER value 20
                  IF body
                     ASSIGMENT STATEMENT
                        VARIABLE x
                     is assigned
                        EXPRESSION Operator !=
                           VARIABLE x
                           NUMBER value 10
               Write Expression
                  EXPRESSION Operator !=
                     EXPRESSION Operator <
                        NUMBER value 3
                        NUMBER value 5
                     EXPRESSION Operator >=
                        NUMBER value 5
                        NUMBER value 2

Function VOID f 
   Parameter INT x 
   Parameter VOID y 
   Parameter VOID z 
   Compound Statement 
