Var_LIST with value x on line 4
Var_LIST with value x on line 5
Var_LIST with value x on line 5
PARAM with value a on line 7
PARAM with value b on line 7
PARAM with value a on line 7
Var_LIST with value A on line 8
Var_LIST with value x on line 8
Var with value x on lineno 10
Var with value y on lineno 11
Var with value x on lineno 12
Var with value A on lineno 14
CALL with value f on lineno 14
Var with value A on lineno 16
CALL with value f on lineno 16
Var with value A on lineno 17
CALL with value f on lineno 17
Var with value x on lineno 19
Var with value x on lineno 19
Var with value x on lineno 21
Var with value x on lineno 22
Var with value x on lineno 23
FunDec with value main on line 25
FunDec with value f on line 27
Var_LIST with value A on line 29
Var_LIST with value x on line 29
Var_LIST with value A on line 30
Var_LIST with value x on line 31
Var_LIST with value A on line 31
Var_LIST with value B on line 32
Var_LIST with value A on line 32
